<?xml version="1.0" encoding="UTF-8"?>
<!-- Generated by org.testng.reporters.JUnitXMLReporter -->
<testsuite ignored="0" hostname="CSPLAPPUN862" failures="0" tests="4" name="Test" time="57.943" errors="0" timestamp="2024-04-30T12:24:18 IST">
  <testcase classname="testCases.VerifyRegistrationTestCases" name="VerifyRegistrationWithValidData" time="3.382"/>
  <testcase classname="testCases.VerifyRegistrationTestCases" name="VerifyRegistrationWithInvalidData" time="2.213"/>
  <testcase classname="testCases.VerifyLoginTestCases" name="verifyLoginwithValidData" time="4.158"/>
  <testcase classname="testCases.VerifyLoginTestCases" name="verifyLoginwithInvalidData" time="4.321"/>
</testsuite> <!-- Test -->
