<?xml version="1.0" encoding="UTF-8"?>
<testng-results ignored="0" total="4" passed="4" failed="0" skipped="0">
  <reporter-output>
  </reporter-output>
  <suite started-at="2024-04-30T12:23:20 IST" name="Suite" finished-at="2024-04-30T12:24:18 IST" duration-ms="57943">
    <groups>
    </groups>
    <test started-at="2024-04-30T12:23:20 IST" name="Test" finished-at="2024-04-30T12:24:18 IST" duration-ms="57943">
      <class name="testCases.VerifyRegistrationTestCases">
        <test-method is-config="true" signature="lauchBrowserAndUrl()[pri:0, instance:testCases.VerifyRegistrationTestCases@c267ef4]" started-at="2024-04-30T12:23:20 IST" name="lauchBrowserAndUrl" finished-at="2024-04-30T12:23:43 IST" duration-ms="23620" status="PASS">
          <reporter-output>
          </reporter-output>
        </test-method> <!-- lauchBrowserAndUrl -->
        <test-method signature="VerifyRegistrationWithValidData()[pri:1, instance:testCases.VerifyRegistrationTestCases@c267ef4]" started-at="2024-04-30T12:23:43 IST" name="VerifyRegistrationWithValidData" finished-at="2024-04-30T12:23:47 IST" duration-ms="3382" status="PASS">
          <reporter-output>
          </reporter-output>
        </test-method> <!-- VerifyRegistrationWithValidData -->
        <test-method is-config="true" signature="lauchBrowserAndUrl()[pri:0, instance:testCases.VerifyRegistrationTestCases@c267ef4]" started-at="2024-04-30T12:23:47 IST" name="lauchBrowserAndUrl" finished-at="2024-04-30T12:23:53 IST" duration-ms="6278" status="PASS">
          <reporter-output>
          </reporter-output>
        </test-method> <!-- lauchBrowserAndUrl -->
        <test-method signature="VerifyRegistrationWithInvalidData()[pri:2, instance:testCases.VerifyRegistrationTestCases@c267ef4]" started-at="2024-04-30T12:23:53 IST" name="VerifyRegistrationWithInvalidData" finished-at="2024-04-30T12:23:55 IST" duration-ms="2213" status="PASS">
          <reporter-output>
          </reporter-output>
        </test-method> <!-- VerifyRegistrationWithInvalidData -->
      </class> <!-- testCases.VerifyRegistrationTestCases -->
      <class name="testCases.VerifyLoginTestCases">
        <test-method is-config="true" signature="lauchBrowserAndUrl()[pri:0, instance:testCases.VerifyLoginTestCases@1ea9f6af]" started-at="2024-04-30T12:23:55 IST" name="lauchBrowserAndUrl" finished-at="2024-04-30T12:24:03 IST" duration-ms="7793" status="PASS">
          <reporter-output>
          </reporter-output>
        </test-method> <!-- lauchBrowserAndUrl -->
        <test-method signature="verifyLoginwithValidData()[pri:0, instance:testCases.VerifyLoginTestCases@1ea9f6af]" started-at="2024-04-30T12:24:03 IST" name="verifyLoginwithValidData" finished-at="2024-04-30T12:24:07 IST" duration-ms="4158" status="PASS">
          <reporter-output>
          </reporter-output>
        </test-method> <!-- verifyLoginwithValidData -->
        <test-method is-config="true" signature="lauchBrowserAndUrl()[pri:0, instance:testCases.VerifyLoginTestCases@1ea9f6af]" started-at="2024-04-30T12:24:07 IST" name="lauchBrowserAndUrl" finished-at="2024-04-30T12:24:13 IST" duration-ms="6067" status="PASS">
          <reporter-output>
          </reporter-output>
        </test-method> <!-- lauchBrowserAndUrl -->
        <test-method signature="verifyLoginwithInvalidData()[pri:1, instance:testCases.VerifyLoginTestCases@1ea9f6af]" started-at="2024-04-30T12:24:13 IST" name="verifyLoginwithInvalidData" finished-at="2024-04-30T12:24:18 IST" duration-ms="4321" status="PASS">
          <reporter-output>
          </reporter-output>
        </test-method> <!-- verifyLoginwithInvalidData -->
      </class> <!-- testCases.VerifyLoginTestCases -->
    </test> <!-- Test -->
  </suite> <!-- Suite -->
</testng-results>
